<?xml version="1.0" encoding="UTF-8"?>
<con:testCase id="e51baf9a-bc3d-4339-98d5-f6730fdf6047" discardOkResults="false" failOnError="true" failTestCaseOnErrors="true" keepSession="false" name="Test Case 1" searchProperties="true" timeout="0" xmlns:con="http://eviware.com/soapui/config"><con:settings><con:setting id="e51baf9a-bc3d-4339-98d5-f6730fdf6047fileName">Test-Case-1</con:setting></con:settings><con:testStep type="groovy" name="Groovy Script" id="1d51243a-8e70-4a51-9ff1-c4a0b4797d51"><con:settings/><con:config><script>log.info "Hello!"
log.info "Bye!"</script></con:config></con:testStep><con:properties/><con:reportParameters/></con:testCase>